Command: C:\Program Files\Apache\apache-maven-3.9.11\bin\mvn.cmd -B -DskipTests clean package
Return code: 0

--- STDOUT ---
[INFO] Scanning for projects...
[INFO] ------------------------------------------------------------------------
[INFO] Reactor Build Order:
[INFO] 
[INFO] user-service-parent                                                [pom]
[INFO] user-service-oasgen                                                [jar]
[INFO] user-service-api                                                   [jar]
[INFO] 
[INFO] ---------< com.barclays.uscb.userservice:user-service-parent >----------
[INFO] Building user-service-parent 0.0.1-SNAPSHOT                        [1/3]
[INFO]   from pom.xml
[INFO] --------------------------------[ pom ]---------------------------------
[INFO] 
[INFO] --- clean:3.3.2:clean (default-clean) @ user-service-parent ---
[INFO] 
[INFO] ---------< com.barclays.uscb.userservice:user-service-oasgen >----------
[INFO] Building user-service-oasgen 0.0.1-SNAPSHOT                        [2/3]
[INFO]   from oasgen\pom.xml
[INFO] --------------------------------[ jar ]---------------------------------
[INFO] 
[INFO] --- clean:3.3.2:clean (default-clean) @ user-service-oasgen ---
[INFO] Deleting D:\Projects\store-proc\output\request_001\services\UserService\oasgen\target
[INFO] 
[INFO] --- resources:3.3.1:resources (default-resources) @ user-service-oasgen ---
[INFO] skip non existing resourceDirectory D:\Projects\store-proc\output\request_001\services\UserService\oasgen\src\main\resources
[INFO] skip non existing resourceDirectory D:\Projects\store-proc\output\request_001\services\UserService\oasgen\src\main\resources
[INFO] 
[INFO] --- compiler:3.11.0:compile (default-compile) @ user-service-oasgen ---
[INFO] Changes detected - recompiling the module! :source
[INFO] Compiling 4 source files with javac [debug release 21] to target\classes
[INFO] 
[INFO] --- resources:3.3.1:testResources (default-testResources) @ user-service-oasgen ---
[INFO] skip non existing resourceDirectory D:\Projects\store-proc\output\request_001\services\UserService\oasgen\src\test\resources
[INFO] 
[INFO] --- compiler:3.11.0:testCompile (default-testCompile) @ user-service-oasgen ---
[INFO] No sources to compile
[INFO] 
[INFO] --- surefire:3.1.2:test (default-test) @ user-service-oasgen ---
[INFO] Tests are skipped.
[INFO] 
[INFO] --- jar:3.3.0:jar (default-jar) @ user-service-oasgen ---
[INFO] Building jar: D:\Projects\store-proc\output\request_001\services\UserService\oasgen\target\user-service-oasgen-0.0.1-SNAPSHOT.jar
[INFO] 
[INFO] -----------< com.barclays.uscb.userservice:user-service-api >-----------
[INFO] Building user-service-api 0.0.1-SNAPSHOT                           [3/3]
[INFO]   from api\pom.xml
[INFO] --------------------------------[ jar ]---------------------------------
[INFO] 
[INFO] --- clean:3.3.2:clean (default-clean) @ user-service-api ---
[INFO] Deleting D:\Projects\store-proc\output\request_001\services\UserService\api\target
[INFO] 
[INFO] --- resources:3.3.1:resources (default-resources) @ user-service-api ---
[INFO] Copying 1 resource from src\main\resources to target\classes
[INFO] Copying 1 resource from src\main\resources to target\classes
[INFO] 
[INFO] --- compiler:3.11.0:compile (default-compile) @ user-service-api ---
[INFO] Changes detected - recompiling the module! :dependency
[INFO] Compiling 8 source files with javac [debug release 21] to target\classes
[INFO] 
[INFO] --- resources:3.3.1:testResources (default-testResources) @ user-service-api ---
[INFO] skip non existing resourceDirectory D:\Projects\store-proc\output\request_001\services\UserService\api\src\test\resources
[INFO] 
[INFO] --- compiler:3.11.0:testCompile (default-testCompile) @ user-service-api ---
[INFO] No sources to compile
[INFO] 
[INFO] --- surefire:3.1.2:test (default-test) @ user-service-api ---
[INFO] Tests are skipped.
[INFO] 
[INFO] --- jar:3.3.0:jar (default-jar) @ user-service-api ---
[INFO] Building jar: D:\Projects\store-proc\output\request_001\services\UserService\api\target\user-service-api-0.0.1-SNAPSHOT.jar
[INFO] 
[INFO] --- spring-boot:3.2.0:repackage (repackage) @ user-service-api ---
[INFO] Replacing main artifact D:\Projects\store-proc\output\request_001\services\UserService\api\target\user-service-api-0.0.1-SNAPSHOT.jar with repackaged archive, adding nested dependencies in BOOT-INF/.
[INFO] The original artifact has been renamed to D:\Projects\store-proc\output\request_001\services\UserService\api\target\user-service-api-0.0.1-SNAPSHOT.jar.original
[INFO] ------------------------------------------------------------------------
[INFO] Reactor Summary for user-service-parent 0.0.1-SNAPSHOT:
[INFO] 
[INFO] user-service-parent ................................ SUCCESS [  0.240 s]
[INFO] user-service-oasgen ................................ SUCCESS [  2.991 s]
[INFO] user-service-api ................................... SUCCESS [  3.209 s]
[INFO] ------------------------------------------------------------------------
[INFO] BUILD SUCCESS
[INFO] ------------------------------------------------------------------------
[INFO] Total time:  7.040 s
[INFO] Finished at: 2025-10-16T23:42:28+05:30
[INFO] ------------------------------------------------------------------------

--- STDERR ---
