Command: C:\Program Files\Apache\apache-maven-3.9.11\bin\mvn.cmd -B -DskipTests clean package
Return code: 0

--- STDOUT ---
[INFO] Scanning for projects...
[INFO] ------------------------------------------------------------------------
[INFO] Reactor Build Order:
[INFO] 
[INFO] payment-service-parent                                             [pom]
[INFO] payment-service-oasgen                                             [jar]
[INFO] payment-service-api                                                [jar]
[INFO] 
[INFO] ------< com.barclays.uscb.paymentservice:payment-service-parent >-------
[INFO] Building payment-service-parent 0.0.1-SNAPSHOT                     [1/3]
[INFO]   from pom.xml
[INFO] --------------------------------[ pom ]---------------------------------
[INFO] 
[INFO] --- clean:3.3.2:clean (default-clean) @ payment-service-parent ---
[INFO] 
[INFO] ------< com.barclays.uscb.paymentservice:payment-service-oasgen >-------
[INFO] Building payment-service-oasgen 0.0.1-SNAPSHOT                     [2/3]
[INFO]   from oasgen\pom.xml
[INFO] --------------------------------[ jar ]---------------------------------
[INFO] 
[INFO] --- clean:3.3.2:clean (default-clean) @ payment-service-oasgen ---
[INFO] Deleting D:\Projects\store-proc\output\request_001\services\PaymentService\oasgen\target
[INFO] 
[INFO] --- resources:3.3.1:resources (default-resources) @ payment-service-oasgen ---
[INFO] skip non existing resourceDirectory D:\Projects\store-proc\output\request_001\services\PaymentService\oasgen\src\main\resources
[INFO] skip non existing resourceDirectory D:\Projects\store-proc\output\request_001\services\PaymentService\oasgen\src\main\resources
[INFO] 
[INFO] --- compiler:3.11.0:compile (default-compile) @ payment-service-oasgen ---
[INFO] Changes detected - recompiling the module! :source
[INFO] Compiling 5 source files with javac [debug release 21] to target\classes
[INFO] 
[INFO] --- resources:3.3.1:testResources (default-testResources) @ payment-service-oasgen ---
[INFO] skip non existing resourceDirectory D:\Projects\store-proc\output\request_001\services\PaymentService\oasgen\src\test\resources
[INFO] 
[INFO] --- compiler:3.11.0:testCompile (default-testCompile) @ payment-service-oasgen ---
[INFO] No sources to compile
[INFO] 
[INFO] --- surefire:3.1.2:test (default-test) @ payment-service-oasgen ---
[INFO] Tests are skipped.
[INFO] 
[INFO] --- jar:3.3.0:jar (default-jar) @ payment-service-oasgen ---
[INFO] Building jar: D:\Projects\store-proc\output\request_001\services\PaymentService\oasgen\target\payment-service-oasgen-0.0.1-SNAPSHOT.jar
[INFO] 
[INFO] --------< com.barclays.uscb.paymentservice:payment-service-api >--------
[INFO] Building payment-service-api 0.0.1-SNAPSHOT                        [3/3]
[INFO]   from api\pom.xml
[INFO] --------------------------------[ jar ]---------------------------------
[INFO] 
[INFO] --- clean:3.3.2:clean (default-clean) @ payment-service-api ---
[INFO] Deleting D:\Projects\store-proc\output\request_001\services\PaymentService\api\target
[INFO] 
[INFO] --- resources:3.3.1:resources (default-resources) @ payment-service-api ---
[INFO] Copying 1 resource from src\main\resources to target\classes
[INFO] Copying 1 resource from src\main\resources to target\classes
[INFO] 
[INFO] --- compiler:3.11.0:compile (default-compile) @ payment-service-api ---
[INFO] Changes detected - recompiling the module! :dependency
[INFO] Compiling 8 source files with javac [debug release 21] to target\classes
[INFO] 
[INFO] --- resources:3.3.1:testResources (default-testResources) @ payment-service-api ---
[INFO] skip non existing resourceDirectory D:\Projects\store-proc\output\request_001\services\PaymentService\api\src\test\resources
[INFO] 
[INFO] --- compiler:3.11.0:testCompile (default-testCompile) @ payment-service-api ---
[INFO] No sources to compile
[INFO] 
[INFO] --- surefire:3.1.2:test (default-test) @ payment-service-api ---
[INFO] Tests are skipped.
[INFO] 
[INFO] --- jar:3.3.0:jar (default-jar) @ payment-service-api ---
[INFO] Building jar: D:\Projects\store-proc\output\request_001\services\PaymentService\api\target\payment-service-api-0.0.1-SNAPSHOT.jar
[INFO] 
[INFO] --- spring-boot:3.2.0:repackage (repackage) @ payment-service-api ---
[INFO] Replacing main artifact D:\Projects\store-proc\output\request_001\services\PaymentService\api\target\payment-service-api-0.0.1-SNAPSHOT.jar with repackaged archive, adding nested dependencies in BOOT-INF/.
[INFO] The original artifact has been renamed to D:\Projects\store-proc\output\request_001\services\PaymentService\api\target\payment-service-api-0.0.1-SNAPSHOT.jar.original
[INFO] ------------------------------------------------------------------------
[INFO] Reactor Summary for payment-service-parent 0.0.1-SNAPSHOT:
[INFO] 
[INFO] payment-service-parent ............................. SUCCESS [  0.259 s]
[INFO] payment-service-oasgen ............................. SUCCESS [  2.891 s]
[INFO] payment-service-api ................................ SUCCESS [  3.256 s]
[INFO] ------------------------------------------------------------------------
[INFO] BUILD SUCCESS
[INFO] ------------------------------------------------------------------------
[INFO] Total time:  7.034 s
[INFO] Finished at: 2025-10-16T23:39:32+05:30
[INFO] ------------------------------------------------------------------------

--- STDERR ---
