Command: C:\Program Files\Apache\apache-maven-3.9.11\bin\mvn.cmd -B -DskipTests clean package
Return code: 0

--- STDOUT ---
[INFO] Scanning for projects...
[INFO] ------------------------------------------------------------------------
[INFO] Reactor Build Order:
[INFO] 
[INFO] order-service-parent                                               [pom]
[INFO] order-service-oasgen                                               [jar]
[INFO] order-service-api                                                  [jar]
[INFO] 
[INFO] --------< com.barclays.uscb.orderservice:order-service-parent >---------
[INFO] Building order-service-parent 0.0.1-SNAPSHOT                       [1/3]
[INFO]   from pom.xml
[INFO] --------------------------------[ pom ]---------------------------------
[INFO] 
[INFO] --- clean:3.3.2:clean (default-clean) @ order-service-parent ---
[INFO] 
[INFO] --------< com.barclays.uscb.orderservice:order-service-oasgen >---------
[INFO] Building order-service-oasgen 0.0.1-SNAPSHOT                       [2/3]
[INFO]   from oasgen\pom.xml
[INFO] --------------------------------[ jar ]---------------------------------
[INFO] 
[INFO] --- clean:3.3.2:clean (default-clean) @ order-service-oasgen ---
[INFO] Deleting D:\Projects\store-proc\output\request_001\services\OrderService\oasgen\target
[INFO] 
[INFO] --- resources:3.3.1:resources (default-resources) @ order-service-oasgen ---
[INFO] skip non existing resourceDirectory D:\Projects\store-proc\output\request_001\services\OrderService\oasgen\src\main\resources
[INFO] skip non existing resourceDirectory D:\Projects\store-proc\output\request_001\services\OrderService\oasgen\src\main\resources
[INFO] 
[INFO] --- compiler:3.11.0:compile (default-compile) @ order-service-oasgen ---
[INFO] Changes detected - recompiling the module! :source
[INFO] Compiling 6 source files with javac [debug release 21] to target\classes
[INFO] 
[INFO] --- resources:3.3.1:testResources (default-testResources) @ order-service-oasgen ---
[INFO] skip non existing resourceDirectory D:\Projects\store-proc\output\request_001\services\OrderService\oasgen\src\test\resources
[INFO] 
[INFO] --- compiler:3.11.0:testCompile (default-testCompile) @ order-service-oasgen ---
[INFO] No sources to compile
[INFO] 
[INFO] --- surefire:3.1.2:test (default-test) @ order-service-oasgen ---
[INFO] Tests are skipped.
[INFO] 
[INFO] --- jar:3.3.0:jar (default-jar) @ order-service-oasgen ---
[INFO] Building jar: D:\Projects\store-proc\output\request_001\services\OrderService\oasgen\target\order-service-oasgen-0.0.1-SNAPSHOT.jar
[INFO] 
[INFO] ----------< com.barclays.uscb.orderservice:order-service-api >----------
[INFO] Building order-service-api 0.0.1-SNAPSHOT                          [3/3]
[INFO]   from api\pom.xml
[INFO] --------------------------------[ jar ]---------------------------------
[INFO] 
[INFO] --- clean:3.3.2:clean (default-clean) @ order-service-api ---
[INFO] Deleting D:\Projects\store-proc\output\request_001\services\OrderService\api\target
[INFO] 
[INFO] --- resources:3.3.1:resources (default-resources) @ order-service-api ---
[INFO] Copying 1 resource from src\main\resources to target\classes
[INFO] Copying 1 resource from src\main\resources to target\classes
[INFO] 
[INFO] --- compiler:3.11.0:compile (default-compile) @ order-service-api ---
[INFO] Changes detected - recompiling the module! :dependency
[INFO] Compiling 8 source files with javac [debug release 21] to target\classes
[INFO] 
[INFO] --- resources:3.3.1:testResources (default-testResources) @ order-service-api ---
[INFO] skip non existing resourceDirectory D:\Projects\store-proc\output\request_001\services\OrderService\api\src\test\resources
[INFO] 
[INFO] --- compiler:3.11.0:testCompile (default-testCompile) @ order-service-api ---
[INFO] No sources to compile
[INFO] 
[INFO] --- surefire:3.1.2:test (default-test) @ order-service-api ---
[INFO] Tests are skipped.
[INFO] 
[INFO] --- jar:3.3.0:jar (default-jar) @ order-service-api ---
[INFO] Building jar: D:\Projects\store-proc\output\request_001\services\OrderService\api\target\order-service-api-0.0.1-SNAPSHOT.jar
[INFO] 
[INFO] --- spring-boot:3.2.0:repackage (repackage) @ order-service-api ---
[INFO] Replacing main artifact D:\Projects\store-proc\output\request_001\services\OrderService\api\target\order-service-api-0.0.1-SNAPSHOT.jar with repackaged archive, adding nested dependencies in BOOT-INF/.
[INFO] The original artifact has been renamed to D:\Projects\store-proc\output\request_001\services\OrderService\api\target\order-service-api-0.0.1-SNAPSHOT.jar.original
[INFO] ------------------------------------------------------------------------
[INFO] Reactor Summary for order-service-parent 0.0.1-SNAPSHOT:
[INFO] 
[INFO] order-service-parent ............................... SUCCESS [  0.244 s]
[INFO] order-service-oasgen ............................... SUCCESS [  2.854 s]
[INFO] order-service-api .................................. SUCCESS [  3.224 s]
[INFO] ------------------------------------------------------------------------
[INFO] BUILD SUCCESS
[INFO] ------------------------------------------------------------------------
[INFO] Total time:  6.923 s
[INFO] Finished at: 2025-10-16T23:39:32+05:30
[INFO] ------------------------------------------------------------------------

--- STDERR ---
