Command: C:\Program Files\Apache\apache-maven-3.9.11\bin\mvn.cmd -B -DskipTests clean package
Return code: 0

--- STDOUT ---
[INFO] Scanning for projects...
[INFO] ------------------------------------------------------------------------
[INFO] Reactor Build Order:
[INFO] 
[INFO] ordermanagement-service-parent                                     [pom]
[INFO] ordermanagement-service-oasgen                                     [jar]
[INFO] ordermanagement-service-api                                        [jar]
[INFO] 
[INFO] --< com.barclays.uscb.ordermanagementservice:ordermanagement-service-parent >--
[INFO] Building ordermanagement-service-parent 0.0.1-SNAPSHOT             [1/3]
[INFO]   from pom.xml
[INFO] --------------------------------[ pom ]---------------------------------
[INFO] 
[INFO] --- clean:3.3.2:clean (default-clean) @ ordermanagement-service-parent ---
[INFO] 
[INFO] --< com.barclays.uscb.ordermanagementservice:ordermanagement-service-oasgen >--
[INFO] Building ordermanagement-service-oasgen 0.0.1-SNAPSHOT             [2/3]
[INFO]   from oasgen\pom.xml
[INFO] --------------------------------[ jar ]---------------------------------
[INFO] 
[INFO] --- clean:3.3.2:clean (default-clean) @ ordermanagement-service-oasgen ---
[INFO] 
[INFO] --- resources:3.3.1:resources (default-resources) @ ordermanagement-service-oasgen ---
[INFO] skip non existing resourceDirectory D:\Projects\store-proc\output\request_001\services\OrdermanagementService\oasgen\src\main\resources
[INFO] skip non existing resourceDirectory D:\Projects\store-proc\output\request_001\services\OrdermanagementService\oasgen\src\main\resources
[INFO] 
[INFO] --- compiler:3.11.0:compile (default-compile) @ ordermanagement-service-oasgen ---
[INFO] Changes detected - recompiling the module! :source
[INFO] Compiling 5 source files with javac [debug release 21] to target\classes
[INFO] 
[INFO] --- resources:3.3.1:testResources (default-testResources) @ ordermanagement-service-oasgen ---
[INFO] skip non existing resourceDirectory D:\Projects\store-proc\output\request_001\services\OrdermanagementService\oasgen\src\test\resources
[INFO] 
[INFO] --- compiler:3.11.0:testCompile (default-testCompile) @ ordermanagement-service-oasgen ---
[INFO] No sources to compile
[INFO] 
[INFO] --- surefire:3.1.2:test (default-test) @ ordermanagement-service-oasgen ---
[INFO] Tests are skipped.
[INFO] 
[INFO] --- jar:3.3.0:jar (default-jar) @ ordermanagement-service-oasgen ---
[INFO] Building jar: D:\Projects\store-proc\output\request_001\services\OrdermanagementService\oasgen\target\ordermanagement-service-oasgen-0.0.1-SNAPSHOT.jar
[INFO] 
[INFO] --< com.barclays.uscb.ordermanagementservice:ordermanagement-service-api >--
[INFO] Building ordermanagement-service-api 0.0.1-SNAPSHOT                [3/3]
[INFO]   from api\pom.xml
[INFO] --------------------------------[ jar ]---------------------------------
[INFO] 
[INFO] --- clean:3.3.2:clean (default-clean) @ ordermanagement-service-api ---
[INFO] 
[INFO] --- resources:3.3.1:resources (default-resources) @ ordermanagement-service-api ---
[INFO] Copying 1 resource from src\main\resources to target\classes
[INFO] Copying 1 resource from src\main\resources to target\classes
[INFO] 
[INFO] --- compiler:3.11.0:compile (default-compile) @ ordermanagement-service-api ---
[INFO] Changes detected - recompiling the module! :dependency
[INFO] Compiling 8 source files with javac [debug release 21] to target\classes
[INFO] 
[INFO] --- resources:3.3.1:testResources (default-testResources) @ ordermanagement-service-api ---
[INFO] skip non existing resourceDirectory D:\Projects\store-proc\output\request_001\services\OrdermanagementService\api\src\test\resources
[INFO] 
[INFO] --- compiler:3.11.0:testCompile (default-testCompile) @ ordermanagement-service-api ---
[INFO] No sources to compile
[INFO] 
[INFO] --- surefire:3.1.2:test (default-test) @ ordermanagement-service-api ---
[INFO] Tests are skipped.
[INFO] 
[INFO] --- jar:3.3.0:jar (default-jar) @ ordermanagement-service-api ---
[INFO] Building jar: D:\Projects\store-proc\output\request_001\services\OrdermanagementService\api\target\ordermanagement-service-api-0.0.1-SNAPSHOT.jar
[INFO] 
[INFO] --- spring-boot:3.2.0:repackage (repackage) @ ordermanagement-service-api ---
[INFO] Replacing main artifact D:\Projects\store-proc\output\request_001\services\OrdermanagementService\api\target\ordermanagement-service-api-0.0.1-SNAPSHOT.jar with repackaged archive, adding nested dependencies in BOOT-INF/.
[INFO] The original artifact has been renamed to D:\Projects\store-proc\output\request_001\services\OrdermanagementService\api\target\ordermanagement-service-api-0.0.1-SNAPSHOT.jar.original
[INFO] ------------------------------------------------------------------------
[INFO] Reactor Summary for ordermanagement-service-parent 0.0.1-SNAPSHOT:
[INFO] 
[INFO] ordermanagement-service-parent ..................... SUCCESS [  0.374 s]
[INFO] ordermanagement-service-oasgen ..................... SUCCESS [  4.225 s]
[INFO] ordermanagement-service-api ........................ SUCCESS [  5.409 s]
[INFO] ------------------------------------------------------------------------
[INFO] BUILD SUCCESS
[INFO] ------------------------------------------------------------------------
[INFO] Total time:  10.938 s
[INFO] Finished at: 2025-10-17T01:34:37+05:30
[INFO] ------------------------------------------------------------------------

--- STDERR ---
